<?xml version="1.0" encoding="UTF-8"?>
<!-- Generated by org.testng.reporters.JUnitXMLReporter -->
<testsuite ignored="0" hostname="AR" failures="0" tests="8" name="Jupiter Tests" time="116.906" errors="0" timestamp="2023-11-15T13:20:59 AEST">
  <testcase classname="com.planit.application.tests.ContactTest" name="validateMandatoryFieldsErrors" time="0.43"/>
  <testcase classname="com.planit.application.tests.ShopTest" name="addItemsToCart" time="1.07"/>
  <testcase classname="com.planit.application.tests.ContactTest" name="validateMandatoryFieldsErrorFix" time="30.799"/>
  <testcase classname="com.planit.application.tests.ContactTest" name="validateSuccessfulContactSubmissionUsingXLS" time="11.291"/>
  <testcase classname="com.planit.application.tests.ContactTest" name="validateSuccessfulContactSubmissionUsingXLS" time="3.677"/>
  <testcase classname="com.planit.application.tests.ContactTest" name="validateSuccessfulContactSubmissionUsingXLS" time="11.305"/>
  <testcase classname="com.planit.application.tests.ContactTest" name="validateSuccessfulContactSubmissionUsingXLS" time="11.171"/>
  <testcase classname="com.planit.application.tests.ContactTest" name="validateSuccessfulContactSubmissionUsingXLS" time="13.738"/>
</testsuite> <!-- Jupiter Tests -->
