<?xml version="1.0" encoding="UTF-8"?>
<!-- Generated by org.testng.reporters.JUnitXMLReporter -->
<testsuite ignored="3" hostname="AR" failures="0" tests="6" name="JupiterAppTests" time="192.775" errors="0" timestamp="2023-11-14T17:59:16 AEST">
  <testcase classname="com.planit.assessment.tests.ContactTest" name="validateSuccessfulContactSubmissionUsingCSV" time="30.631"/>
  <testcase classname="com.planit.assessment.tests.ContactTest" name="validateSuccessfulContactSubmissionUsingCSV" time="30.656"/>
  <testcase classname="com.planit.assessment.tests.ContactTest" name="validateSuccessfulContactSubmissionUsingCSV" time="30.762"/>
  <testcase classname="com.planit.assessment.tests.ContactTest" name="validateSuccessfulContactSubmissionUsingCSV" time="30.594"/>
  <testcase classname="com.planit.assessment.tests.ContactTest" name="validateSuccessfulContactSubmissionUsingCSV" time="30.605"/>
  <testcase classname="com.planit.assessment.tests.ShopTest" name="addItemsToCart" time="1.049"/>
  <testcase classname="com.planit.assessment.tests.ContactTest" name="validateMandatoryFieldsErrors" time="0.0">
    <ignored/>
  </testcase> <!-- validateMandatoryFieldsErrors -->
  <testcase classname="com.planit.assessment.tests.ContactTest" name="validateMandatoryFieldsErrorFix" time="0.0">
    <ignored/>
  </testcase> <!-- validateMandatoryFieldsErrorFix -->
  <testcase classname="com.planit.assessment.tests.ContactTest" name="validateSuccessfulContactSubmission" time="0.0">
    <ignored/>
  </testcase> <!-- validateSuccessfulContactSubmission -->
</testsuite> <!-- JupiterAppTests -->
